mode: set
github.com/mrpsousa/api/internal/usecase/git_user_service.go:24.45,28.2 1 1
github.com/mrpsousa/api/internal/usecase/git_user_service.go:30.77,33.16 3 1
github.com/mrpsousa/api/internal/usecase/git_user_service.go:33.16,36.3 2 0
github.com/mrpsousa/api/internal/usecase/git_user_service.go:37.2,38.16 2 1
github.com/mrpsousa/api/internal/usecase/git_user_service.go:38.16,41.3 2 0
github.com/mrpsousa/api/internal/usecase/git_user_service.go:43.2,49.29 5 1
github.com/mrpsousa/api/internal/usecase/git_user_service.go:49.29,51.3 1 1
github.com/mrpsousa/api/internal/usecase/git_user_service.go:52.2,54.27 2 1
github.com/mrpsousa/api/internal/usecase/git_user_service.go:57.88,59.16 2 1
github.com/mrpsousa/api/internal/usecase/git_user_service.go:59.16,62.3 2 0
github.com/mrpsousa/api/internal/usecase/git_user_service.go:63.2,64.16 2 1
github.com/mrpsousa/api/internal/usecase/git_user_service.go:64.16,67.3 2 0
github.com/mrpsousa/api/internal/usecase/git_user_service.go:68.2,73.25 4 1
github.com/mrpsousa/api/internal/usecase/git_user_service.go:76.79,79.16 3 1
github.com/mrpsousa/api/internal/usecase/git_user_service.go:79.16,82.3 2 0
github.com/mrpsousa/api/internal/usecase/git_user_service.go:83.2,84.16 2 1
github.com/mrpsousa/api/internal/usecase/git_user_service.go:84.16,87.3 2 0
github.com/mrpsousa/api/internal/usecase/git_user_service.go:88.2,94.33 5 1
github.com/mrpsousa/api/internal/usecase/git_user_service.go:94.33,96.3 1 1
github.com/mrpsousa/api/internal/usecase/git_user_service.go:97.2,98.23 2 1
github.com/mrpsousa/api/internal/infra/web/decoder.go:11.63,12.14 1 1
github.com/mrpsousa/api/internal/infra/web/decoder.go:12.14,15.3 2 0
github.com/mrpsousa/api/internal/infra/web/decoder.go:16.2,17.28 2 1
github.com/mrpsousa/api/internal/infra/web/decoder.go:17.28,20.3 2 1
github.com/mrpsousa/api/internal/infra/web/decoder.go:21.2,21.20 1 1
github.com/mrpsousa/api/internal/infra/web/decoder.go:24.69,25.14 1 1
github.com/mrpsousa/api/internal/infra/web/decoder.go:25.14,28.3 2 0
github.com/mrpsousa/api/internal/infra/web/decoder.go:29.2,33.20 4 1
github.com/mrpsousa/api/internal/infra/web/decoder.go:33.20,36.3 2 1
github.com/mrpsousa/api/internal/infra/web/decoder.go:38.2,38.23 1 1
github.com/mrpsousa/api/internal/infra/web/decoder.go:41.70,42.14 1 1
github.com/mrpsousa/api/internal/infra/web/decoder.go:42.14,45.3 2 0
github.com/mrpsousa/api/internal/infra/web/decoder.go:46.2,50.20 4 1
github.com/mrpsousa/api/internal/infra/web/decoder.go:50.20,53.3 2 1
github.com/mrpsousa/api/internal/infra/web/decoder.go:55.2,55.23 1 1
github.com/mrpsousa/api/internal/infra/web/handler.go:15.59,17.16 2 1
github.com/mrpsousa/api/internal/infra/web/handler.go:17.16,22.3 4 1
github.com/mrpsousa/api/internal/infra/web/handler.go:23.2,25.16 3 1
github.com/mrpsousa/api/internal/infra/web/handler.go:25.16,30.3 4 0
github.com/mrpsousa/api/internal/infra/web/handler.go:31.2,33.35 3 1
github.com/mrpsousa/api/internal/infra/web/handler.go:36.65,38.16 2 1
github.com/mrpsousa/api/internal/infra/web/handler.go:38.16,43.3 4 1
github.com/mrpsousa/api/internal/infra/web/handler.go:45.2,47.16 3 1
github.com/mrpsousa/api/internal/infra/web/handler.go:47.16,52.3 4 0
github.com/mrpsousa/api/internal/infra/web/handler.go:53.2,55.35 3 1
github.com/mrpsousa/api/internal/infra/web/handler.go:58.63,60.16 2 1
github.com/mrpsousa/api/internal/infra/web/handler.go:60.16,65.3 4 1
github.com/mrpsousa/api/internal/infra/web/handler.go:66.2,69.16 4 1
github.com/mrpsousa/api/internal/infra/web/handler.go:69.16,74.3 4 0
github.com/mrpsousa/api/internal/infra/web/handler.go:75.2,77.35 3 1
